<?xml version="1.0" encoding="UTF-8"?>
<!-- Generated by org.testng.reporters.JUnitXMLReporter -->
<testsuite ignored="1" hostname="AH4000856LT" failures="0" tests="2" name="Login - Mutual Fund" time="25.645" errors="0" timestamp="2022-07-16T12:25:57 IST">
  <testcase classname="com.harish.testng.LoginMutualFund" name="loginAdmin" time="11.152"/>
  <testcase classname="com.harish.testng.LoginMutualFund" name="loginTestUser" time="10.382"/>
  <testcase classname="com.harish.testng.LoginMutualFund" name="loginJsmith" time="0.0">
    <ignored/>
  </testcase> <!-- loginJsmith -->
</testsuite> <!-- Login - Mutual Fund -->
