<?xml version="1.0" encoding="UTF-8"?>
<testng-results ignored="0" total="1" passed="1" failed="0" skipped="0">
  <reporter-output>
  </reporter-output>
  <suite started-at="2022-08-07T10:22:49 IST" name="Default suite" finished-at="2022-08-07T10:23:07 IST" duration-ms="17729">
    <groups>
    </groups>
    <test started-at="2022-08-07T10:22:49 IST" name="Default test" finished-at="2022-08-07T10:23:07 IST" duration-ms="17729">
      <class name="com.harish.testcases.EducationEMI_Test">
        <test-method is-config="true" signature="preCondition()[pri:0, instance:com.harish.testcases.EducationEMI_Test@2b491fee]" started-at="2022-08-07T10:22:49 IST" name="preCondition" finished-at="2022-08-07T10:23:02 IST" duration-ms="12751" status="PASS">
          <reporter-output>
          </reporter-output>
        </test-method> <!-- preCondition -->
        <test-method signature="educationLoan_4lakh()[pri:0, instance:com.harish.testcases.EducationEMI_Test@2b491fee]" started-at="2022-08-07T10:23:02 IST" name="educationLoan_4lakh" description="Verify Education  Amount - &gt; 4 lakh " finished-at="2022-08-07T10:23:06 IST" duration-ms="3531" status="PASS">
          <reporter-output>
          </reporter-output>
        </test-method> <!-- educationLoan_4lakh -->
        <test-method is-config="true" signature="postCondition()[pri:0, instance:com.harish.testcases.EducationEMI_Test@2b491fee]" started-at="2022-08-07T10:23:06 IST" name="postCondition" finished-at="2022-08-07T10:23:07 IST" duration-ms="1206" status="PASS">
          <reporter-output>
          </reporter-output>
        </test-method> <!-- postCondition -->
      </class> <!-- com.harish.testcases.EducationEMI_Test -->
    </test> <!-- Default test -->
  </suite> <!-- Default suite -->
</testng-results>
